[2020-06-10T11:25:09.047] [TRACE] access - requestSuccess {
  status: 200,
  accept: '*/*',
  cookie: undefined,
  ua: 'PostmanRuntime/7.25.0',
  method: 'GET',
  headers: {
    'user-agent': 'PostmanRuntime/7.25.0',
    accept: '*/*',
    'cache-control': 'no-cache',
    'postman-token': 'd73b268b-d4a4-4739-bd2f-20334348a193',
    host: '10.154.68.180:8080',
    'accept-encoding': 'gzip, deflate, br',
    connection: 'keep-alive'
  },
  url: '/activity-parcel-service/parcel/lottery/winners/red?id=123',
  client_ip: '::ffff:10.154.68.180',
  cost: 8,
  input: [Object: null prototype] { id: '123' }
}
[2020-06-10T11:25:12.084] [WARN] access - requestException {
  status: 404,
  accept: '*/*',
  cookie: undefined,
  ua: 'PostmanRuntime/7.25.0',
  method: 'GET',
  headers: {
    'user-agent': 'PostmanRuntime/7.25.0',
    accept: '*/*',
    'cache-control': 'no-cache',
    'postman-token': 'f0efa128-24b6-4791-bf68-f9170612c3aa',
    host: '10.154.68.180:8080',
    'accept-encoding': 'gzip, deflate, br',
    connection: 'keep-alive'
  },
  url: '/activity-parcel-service/parcel/lottery/winners/red',
  client_ip: '::ffff:10.154.68.180',
  cost: 1,
  input: [Object: null prototype] {},
  msg: '参数错误 child "id" fails because ["id" 是必填项]'
}
